# JRE version: OpenJDK Runtime Environment Corretto-11.0.19.7.1 (11.0.19+7) (build 11.0.19+7-LTS)
# Java VM: OpenJDK 64-Bit Server VM Corretto-11.0.19.7.1 (11.0.19+7-LTS, mixed mode, tiered, compressed oops, g1 gc, windows-amd64)
Heap:
 garbage-first heap   total 258048K, used 126562K [0x0000000080000000, 0x0000000100000000)
  region size 1024K, 73 young (74752K), 4 survivors (4096K)
 Metaspace       used 66718K, capacity 68438K, committed 68700K, reserved 1110016K
  class space    used 8338K, capacity 8973K, committed 9036K, reserved 1048576K
GC Heap History (14 events):
Event: 0.307 GC heap before
{Heap before GC invocations=0 (full 0):
 garbage-first heap   total 258048K, used 29696K [0x0000000080000000, 0x0000000100000000)
  region size 1024K, 24 young (24576K), 0 survivors (0K)
 Metaspace       used 9764K, capacity 10014K, committed 10112K, reserved 1058816K
  class space    used 984K, capacity 1068K, committed 1152K, reserved 1048576K
}
Event: 0.311 GC heap after
{Heap after GC invocations=1 (full 0):
 garbage-first heap   total 258048K, used 9207K [0x0000000080000000, 0x0000000100000000)
  region size 1024K, 3 young (3072K), 3 survivors (3072K)
 Metaspace       used 9764K, capacity 10014K, committed 10112K, reserved 1058816K
  class space    used 984K, capacity 1068K, committed 1152K, reserved 1048576K
}
Event: 0.978 GC heap before
{Heap before GC invocations=1 (full 0):
 garbage-first heap   total 258048K, used 109559K [0x0000000080000000, 0x0000000100000000)
  region size 1024K, 101 young (103424K), 3 survivors (3072K)
 Metaspace       used 20881K, capacity 21242K, committed 21296K, reserved 1069056K
  class space    used 2513K, capacity 2683K, committed 2688K, reserved 1048576K
}
Event: 0.985 GC heap after
{Heap after GC invocations=2 (full 0):
 garbage-first heap   total 258048K, used 17184K [0x0000000080000000, 0x0000000100000000)
  region size 1024K, 11 young (11264K), 11 survivors (11264K)
 Metaspace       used 20881K, capacity 21242K, committed 21296K, reserved 1069056K
  class space    used 2513K, capacity 2683K, committed 2688K, reserved 1048576K
}
Event: 1.430 GC heap before
{Heap before GC invocations=3 (full 0):
 garbage-first heap   total 258048K, used 71456K [0x0000000080000000, 0x0000000100000000)
  region size 1024K, 64 young (65536K), 11 survivors (11264K)
 Metaspace       used 26645K, capacity 27247K, committed 27516K, reserved 1073152K
  class space    used 3459K, capacity 3699K, committed 3788K, reserved 1048576K
}
Event: 1.435 GC heap after
{Heap after GC invocations=4 (full 0):
 garbage-first heap   total 258048K, used 19223K [0x0000000080000000, 0x0000000100000000)
  region size 1024K, 3 young (3072K), 3 survivors (3072K)
 Metaspace       used 26645K, capacity 27247K, committed 27516K, reserved 1073152K
  class space    used 3459K, capacity 3699K, committed 3788K, reserved 1048576K
}
Event: 1.850 GC heap before
{Heap before GC invocations=4 (full 0):
 garbage-first heap   total 258048K, used 85783K [0x0000000080000000, 0x0000000100000000)
  region size 1024K, 69 young (70656K), 3 survivors (3072K)
 Metaspace       used 35072K, capacity 35881K, committed 36048K, reserved 1081344K
  class space    used 4551K, capacity 4855K, committed 4940K, reserved 1048576K
}
Event: 1.855 GC heap after
{Heap after GC invocations=5 (full 0):
 garbage-first heap   total 258048K, used 22298K [0x0000000080000000, 0x0000000100000000)
  region size 1024K, 6 young (6144K), 6 survivors (6144K)
 Metaspace       used 35072K, capacity 35881K, committed 36048K, reserved 1081344K
  class space    used 4551K, capacity 4855K, committed 4940K, reserved 1048576K
}
Event: 2.412 GC heap before
{Heap before GC invocations=6 (full 0):
 garbage-first heap   total 258048K, used 134938K [0x0000000080000000, 0x0000000100000000)
  region size 1024K, 113 young (115712K), 6 survivors (6144K)
 Metaspace       used 45013K, capacity 46131K, committed 46160K, reserved 1089536K
  class space    used 5667K, capacity 6078K, committed 6092K, reserved 1048576K
}
Event: 2.417 GC heap after
{Heap after GC invocations=7 (full 0):
 garbage-first heap   total 258048K, used 30597K [0x0000000080000000, 0x0000000100000000)
  region size 1024K, 14 young (14336K), 14 survivors (14336K)
 Metaspace       used 45013K, capacity 46131K, committed 46160K, reserved 1089536K
  class space    used 5667K, capacity 6078K, committed 6092K, reserved 1048576K
}
Event: 2.944 GC heap before
{Heap before GC invocations=7 (full 0):
 garbage-first heap   total 258048K, used 166789K [0x0000000080000000, 0x0000000100000000)
  region size 1024K, 139 young (142336K), 14 survivors (14336K)
 Metaspace       used 50510K, capacity 51921K, committed 52176K, reserved 1095680K
  class space    used 6369K, capacity 6900K, committed 6988K, reserved 1048576K
}
Event: 2.952 GC heap after
{Heap after GC invocations=8 (full 0):
 garbage-first heap   total 258048K, used 52607K [0x0000000080000000, 0x0000000100000000)
  region size 1024K, 18 young (18432K), 18 survivors (18432K)
 Metaspace       used 50510K, capacity 51921K, committed 52176K, reserved 1095680K
  class space    used 6369K, capacity 6900K, committed 6988K, reserved 1048576K
}
Event: 3.383 GC heap before
{Heap before GC invocations=8 (full 0):
 garbage-first heap   total 258048K, used 111999K [0x0000000080000000, 0x0000000100000000)
  region size 1024K, 77 young (78848K), 18 survivors (18432K)
 Metaspace       used 58865K, capacity 60376K, committed 60508K, reserved 1101824K
  class space    used 7352K, capacity 7902K, committed 8012K, reserved 1048576K
}
Event: 3.394 GC heap after
{Heap after GC invocations=9 (full 0):
 garbage-first heap   total 258048K, used 56930K [0x0000000080000000, 0x0000000100000000)
  region size 1024K, 4 young (4096K), 4 survivors (4096K)
 Metaspace       used 58865K, capacity 60376K, committed 60508K, reserved 1101824K
  class space    used 7352K, capacity 7902K, committed 8012K, reserved 1048576K
}

